Building for debugging...
[0/10] Write sources
[5/10] Write FixtureTocRegressionCLI-entitlement.plist
[6/10] Write swift-version-76B232A4806BA581.txt
[8/12] Emitting module ReaderCoreFoundation
[9/12] Compiling ReaderCoreFoundation JSONValue.swift
[10/19] Compiling ReaderCoreModels Environment.swift
[11/19] Compiling ReaderCoreModels Failure.swift
[12/19] Compiling ReaderCoreModels ReaderError.swift
[13/21] Emitting module ReaderCoreModels
[14/21] Compiling ReaderCoreModels BookSource.swift
[15/21] Compiling ReaderCoreModels CSSNode.swift
[16/21] Compiling ReaderCoreModels Compatibility.swift
[17/21] Compiling ReaderCoreModels ReadingFlowModels.swift
/Users/runner/work/Reader-for-iOS/Reader-for-iOS/Core/Sources/ReaderCoreModels/StructuredErrorLog.swift:75:14: warning: instance method 'lock' is unavailable from asynchronous contexts; Use async-safe scoped locking instead; this is an error in Swift 6
        lock.lock()
             ^
Foundation.NSLock:11:15: note: 'lock()' declared here
    open func lock()
              ^
/Users/runner/work/Reader-for-iOS/Reader-for-iOS/Core/Sources/ReaderCoreModels/StructuredErrorLog.swift:85:14: warning: instance method 'lock' is unavailable from asynchronous contexts; Use async-safe scoped locking instead; this is an error in Swift 6
        lock.lock()
             ^
Foundation.NSLock:11:15: note: 'lock()' declared here
    open func lock()
              ^
/Users/runner/work/Reader-for-iOS/Reader-for-iOS/Core/Sources/ReaderCoreModels/StructuredErrorLog.swift:95:14: warning: instance method 'lock' is unavailable from asynchronous contexts; Use async-safe scoped locking instead; this is an error in Swift 6
        lock.lock()
             ^
Foundation.NSLock:11:15: note: 'lock()' declared here
    open func lock()
              ^
[18/21] Compiling ReaderCoreModels StructuredErrorLog.swift
/Users/runner/work/Reader-for-iOS/Reader-for-iOS/Core/Sources/ReaderCoreModels/StructuredErrorLog.swift:75:14: warning: instance method 'lock' is unavailable from asynchronous contexts; Use async-safe scoped locking instead; this is an error in Swift 6
        lock.lock()
             ^
Foundation.NSLock:11:15: note: 'lock()' declared here
    open func lock()
              ^
/Users/runner/work/Reader-for-iOS/Reader-for-iOS/Core/Sources/ReaderCoreModels/StructuredErrorLog.swift:85:14: warning: instance method 'lock' is unavailable from asynchronous contexts; Use async-safe scoped locking instead; this is an error in Swift 6
        lock.lock()
             ^
Foundation.NSLock:11:15: note: 'lock()' declared here
    open func lock()
              ^
/Users/runner/work/Reader-for-iOS/Reader-for-iOS/Core/Sources/ReaderCoreModels/StructuredErrorLog.swift:95:14: warning: instance method 'lock' is unavailable from asynchronous contexts; Use async-safe scoped locking instead; this is an error in Swift 6
        lock.lock()
             ^
Foundation.NSLock:11:15: note: 'lock()' declared here
    open func lock()
              ^
[19/26] Compiling ReaderCoreProtocols Contracts.swift
[20/26] Compiling ReaderCoreProtocols NetworkProtocols.swift
[21/27] Emitting module ReaderCoreProtocols
[22/27] Compiling ReaderCoreProtocols CSSExecutorError.swift
[23/27] Compiling ReaderCoreProtocols CacheProtocols.swift
[24/27] Compiling ReaderCoreProtocols ParserProtocols.swift
[25/35] Emitting module ReaderCoreParser
/Users/runner/work/Reader-for-iOS/Reader-for-iOS/Core/Sources/ReaderCoreParser/FixtureTocParser.swift:13:17: warning: stored property 'tocLog' of 'Sendable'-conforming class 'FixtureTocParser' has non-sendable type '((String) -> Void)?'
    private let tocLog: ((String) -> Void)?
                ^
/Users/runner/work/Reader-for-iOS/Reader-for-iOS/Core/Sources/ReaderCoreParser/FixtureTocParser.swift:13:17: note: a function type must be marked '@Sendable' to conform to 'Sendable'
    private let tocLog: ((String) -> Void)?
                ^
[26/38] Compiling ReaderCoreParser HTMLParser.swift
/Users/runner/work/Reader-for-iOS/Reader-for-iOS/Core/Sources/ReaderCoreParser/HTMLParser.swift:29:21: warning: result of call to 'scanCharacter()' is unused
            scanner.scanCharacter()
                    ^            ~~
/Users/runner/work/Reader-for-iOS/Reader-for-iOS/Core/Sources/ReaderCoreParser/HTMLParser.swift:78:17: warning: result of call to 'scanString' is unused
        scanner.scanString("-->")
                ^         ~~~~~~~
/Users/runner/work/Reader-for-iOS/Reader-for-iOS/Core/Sources/ReaderCoreParser/HTMLParser.swift:137:21: warning: result of call to 'scanCharacter()' is unused
            scanner.scanCharacter()
                    ^            ~~
/Users/runner/work/Reader-for-iOS/Reader-for-iOS/Core/Sources/ReaderCoreParser/HTMLParser.swift:146:29: warning: result of call to 'scanString' is unused
                    scanner.scanString(">")
                            ^         ~~~~~
/Users/runner/work/Reader-for-iOS/Reader-for-iOS/Core/Sources/ReaderCoreParser/HTMLParser.swift:191:21: warning: result of call to 'scanCharacters(from:)' is unused
            scanner.scanCharacters(from: .whitespacesAndNewlines)
                    ^             ~~~~~~~~~~~~~~~~~~~~~~~~~~~~~~~
/Users/runner/work/Reader-for-iOS/Reader-for-iOS/Core/Sources/ReaderCoreParser/HTMLParser.swift:202:21: warning: result of call to 'scanCharacters(from:)' is unused
            scanner.scanCharacters(from: .whitespacesAndNewlines)
                    ^             ~~~~~~~~~~~~~~~~~~~~~~~~~~~~~~~
/Users/runner/work/Reader-for-iOS/Reader-for-iOS/Core/Sources/ReaderCoreParser/HTMLParser.swift:206:25: warning: result of call to 'scanCharacters(from:)' is unused
                scanner.scanCharacters(from: .whitespacesAndNewlines)
                        ^             ~~~~~~~~~~~~~~~~~~~~~~~~~~~~~~~
/Users/runner/work/Reader-for-iOS/Reader-for-iOS/Core/Sources/ReaderCoreParser/HTMLParser.swift:228:21: warning: result of call to 'scanCharacter()' is unused
            scanner.scanCharacter()
                    ^            ~~
[27/38] Compiling ReaderCoreParser NonJSParserEngine.swift
/Users/runner/work/Reader-for-iOS/Reader-for-iOS/Core/Sources/ReaderCoreParser/HTMLParser.swift:29:21: warning: result of call to 'scanCharacter()' is unused
            scanner.scanCharacter()
                    ^            ~~
/Users/runner/work/Reader-for-iOS/Reader-for-iOS/Core/Sources/ReaderCoreParser/HTMLParser.swift:78:17: warning: result of call to 'scanString' is unused
        scanner.scanString("-->")
                ^         ~~~~~~~
/Users/runner/work/Reader-for-iOS/Reader-for-iOS/Core/Sources/ReaderCoreParser/HTMLParser.swift:137:21: warning: result of call to 'scanCharacter()' is unused
            scanner.scanCharacter()
                    ^            ~~
/Users/runner/work/Reader-for-iOS/Reader-for-iOS/Core/Sources/ReaderCoreParser/HTMLParser.swift:146:29: warning: result of call to 'scanString' is unused
                    scanner.scanString(">")
                            ^         ~~~~~
/Users/runner/work/Reader-for-iOS/Reader-for-iOS/Core/Sources/ReaderCoreParser/HTMLParser.swift:191:21: warning: result of call to 'scanCharacters(from:)' is unused
            scanner.scanCharacters(from: .whitespacesAndNewlines)
                    ^             ~~~~~~~~~~~~~~~~~~~~~~~~~~~~~~~
/Users/runner/work/Reader-for-iOS/Reader-for-iOS/Core/Sources/ReaderCoreParser/HTMLParser.swift:202:21: warning: result of call to 'scanCharacters(from:)' is unused
            scanner.scanCharacters(from: .whitespacesAndNewlines)
                    ^             ~~~~~~~~~~~~~~~~~~~~~~~~~~~~~~~
/Users/runner/work/Reader-for-iOS/Reader-for-iOS/Core/Sources/ReaderCoreParser/HTMLParser.swift:206:25: warning: result of call to 'scanCharacters(from:)' is unused
                scanner.scanCharacters(from: .whitespacesAndNewlines)
                        ^             ~~~~~~~~~~~~~~~~~~~~~~~~~~~~~~~
/Users/runner/work/Reader-for-iOS/Reader-for-iOS/Core/Sources/ReaderCoreParser/HTMLParser.swift:228:21: warning: result of call to 'scanCharacter()' is unused
            scanner.scanCharacter()
                    ^            ~~
[28/38] Compiling ReaderCoreParser NonJSRuleScheduler.swift
/Users/runner/work/Reader-for-iOS/Reader-for-iOS/Core/Sources/ReaderCoreParser/HTMLParser.swift:29:21: warning: result of call to 'scanCharacter()' is unused
            scanner.scanCharacter()
                    ^            ~~
/Users/runner/work/Reader-for-iOS/Reader-for-iOS/Core/Sources/ReaderCoreParser/HTMLParser.swift:78:17: warning: result of call to 'scanString' is unused
        scanner.scanString("-->")
                ^         ~~~~~~~
/Users/runner/work/Reader-for-iOS/Reader-for-iOS/Core/Sources/ReaderCoreParser/HTMLParser.swift:137:21: warning: result of call to 'scanCharacter()' is unused
            scanner.scanCharacter()
                    ^            ~~
/Users/runner/work/Reader-for-iOS/Reader-for-iOS/Core/Sources/ReaderCoreParser/HTMLParser.swift:146:29: warning: result of call to 'scanString' is unused
                    scanner.scanString(">")
                            ^         ~~~~~
/Users/runner/work/Reader-for-iOS/Reader-for-iOS/Core/Sources/ReaderCoreParser/HTMLParser.swift:191:21: warning: result of call to 'scanCharacters(from:)' is unused
            scanner.scanCharacters(from: .whitespacesAndNewlines)
                    ^             ~~~~~~~~~~~~~~~~~~~~~~~~~~~~~~~
/Users/runner/work/Reader-for-iOS/Reader-for-iOS/Core/Sources/ReaderCoreParser/HTMLParser.swift:202:21: warning: result of call to 'scanCharacters(from:)' is unused
            scanner.scanCharacters(from: .whitespacesAndNewlines)
                    ^             ~~~~~~~~~~~~~~~~~~~~~~~~~~~~~~~
/Users/runner/work/Reader-for-iOS/Reader-for-iOS/Core/Sources/ReaderCoreParser/HTMLParser.swift:206:25: warning: result of call to 'scanCharacters(from:)' is unused
                scanner.scanCharacters(from: .whitespacesAndNewlines)
                        ^             ~~~~~~~~~~~~~~~~~~~~~~~~~~~~~~~
/Users/runner/work/Reader-for-iOS/Reader-for-iOS/Core/Sources/ReaderCoreParser/HTMLParser.swift:228:21: warning: result of call to 'scanCharacter()' is unused
            scanner.scanCharacter()
                    ^            ~~
[29/38] Compiling ReaderCoreParser TocItem.swift
[30/38] Compiling ReaderCoreParser TocParser.swift
[31/38] Compiling ReaderCoreParser TocRule.swift
[32/38] Compiling ReaderCoreParser CSSExecutor.swift
/Users/runner/work/Reader-for-iOS/Reader-for-iOS/Core/Sources/ReaderCoreParser/FixtureTocParser.swift:13:17: warning: stored property 'tocLog' of 'Sendable'-conforming class 'FixtureTocParser' has non-sendable type '((String) -> Void)?'
    private let tocLog: ((String) -> Void)?
                ^
/Users/runner/work/Reader-for-iOS/Reader-for-iOS/Core/Sources/ReaderCoreParser/FixtureTocParser.swift:13:17: note: a function type must be marked '@Sendable' to conform to 'Sendable'
    private let tocLog: ((String) -> Void)?
                ^
[33/38] Compiling ReaderCoreParser FixtureTocItem.swift
/Users/runner/work/Reader-for-iOS/Reader-for-iOS/Core/Sources/ReaderCoreParser/FixtureTocParser.swift:13:17: warning: stored property 'tocLog' of 'Sendable'-conforming class 'FixtureTocParser' has non-sendable type '((String) -> Void)?'
    private let tocLog: ((String) -> Void)?
                ^
/Users/runner/work/Reader-for-iOS/Reader-for-iOS/Core/Sources/ReaderCoreParser/FixtureTocParser.swift:13:17: note: a function type must be marked '@Sendable' to conform to 'Sendable'
    private let tocLog: ((String) -> Void)?
                ^
[34/38] Compiling ReaderCoreParser FixtureTocParser.swift
/Users/runner/work/Reader-for-iOS/Reader-for-iOS/Core/Sources/ReaderCoreParser/FixtureTocParser.swift:13:17: warning: stored property 'tocLog' of 'Sendable'-conforming class 'FixtureTocParser' has non-sendable type '((String) -> Void)?'
    private let tocLog: ((String) -> Void)?
                ^
/Users/runner/work/Reader-for-iOS/Reader-for-iOS/Core/Sources/ReaderCoreParser/FixtureTocParser.swift:13:17: note: a function type must be marked '@Sendable' to conform to 'Sendable'
    private let tocLog: ((String) -> Void)?
                ^
[35/38] Compiling ReaderCoreParser FixtureTocRegressionRunner.swift
/Users/runner/work/Reader-for-iOS/Reader-for-iOS/Core/Sources/ReaderCoreParser/FixtureTocParser.swift:13:17: warning: stored property 'tocLog' of 'Sendable'-conforming class 'FixtureTocParser' has non-sendable type '((String) -> Void)?'
    private let tocLog: ((String) -> Void)?
                ^
/Users/runner/work/Reader-for-iOS/Reader-for-iOS/Core/Sources/ReaderCoreParser/FixtureTocParser.swift:13:17: note: a function type must be marked '@Sendable' to conform to 'Sendable'
    private let tocLog: ((String) -> Void)?
                ^
[36/40] Emitting module FixtureTocRegressionCLI
[37/40] Compiling FixtureTocRegressionCLI main.swift
[37/40] Write Objects.LinkFileList
[38/40] Linking FixtureTocRegressionCLI
[39/40] Applying FixtureTocRegressionCLI
Build complete! (5.24s)
[FixtureRunner] RUNNER_INIT manifest=/Users/runner/work/Reader-for-iOS/Reader-for-iOS/samples/reports/latest/fixture_toc_execution_manifest.json output=/Users/runner/work/Reader-for-iOS/Reader-for-iOS/samples/reports/latest/fixture_toc_execution_result.json
[FixtureRunner] MANIFEST_LOADED runId=fixture_toc_exec_30d2b70b22924072abad0183ec2cd536
[FixtureRunner] RUNNER_INIT runId=fixture_toc_exec_30d2b70b22924072abad0183ec2cd536
[FixtureRunner] SAMPLE_LIST_READY count=4
[FixtureRunner] SAMPLE_START id=fixture_toc_title_rule_miss index=1
[FixtureRunner] SAMPLE_STAGE id=fixture_toc_title_rule_miss stage=search
[FixtureRunner] SAMPLE_STAGE id=fixture_toc_title_rule_miss stage=toc
[TOC_DEBUG] TOC_START sample=fixture_toc_title_rule_miss
[TOC_DEBUG] RULE_STEP name=title_rule_execute sample=fixture_toc_title_rule_miss
[TOC_DEBUG] RULE_STEP name=execute_rule rule=.missing@text
[TOC_DEBUG] SELECTOR_EXEC start selector=.missing
[TOC_DEBUG] RULE_STEP name=document_parse_start selector=.missing
[TOC_DEBUG] RULE_STEP name=document_parse_end selector=.missing duration_ms=1 root_children=2
[TOC_DEBUG] RULE_STEP name=selector_part part=.missing depth=1
[TOC_DEBUG] NODE_TRAVERSE depth=1 current_nodes=1
[TOC_DEBUG] LOOP_ITERATION count=1
[TOC_DEBUG] NODE_TRAVERSE start node=#document
[TOC_DEBUG] NODE_TRAVERSE depth=1 match_count=0 child_count=2
[TOC_DEBUG] SELECTOR_EXEC result_count=0 selector=.missing duration_ms=0
[TOC_DEBUG] RULE_STEP name=url_rule_execute sample=fixture_toc_title_rule_miss
[TOC_DEBUG] RULE_STEP name=execute_rule rule=a@href
[TOC_DEBUG] SELECTOR_EXEC start selector=a
[TOC_DEBUG] RULE_STEP name=document_parse_start selector=a
[TOC_DEBUG] RULE_STEP name=document_parse_end selector=a duration_ms=0 root_children=2
[TOC_DEBUG] RULE_STEP name=selector_part part=a depth=1
[TOC_DEBUG] NODE_TRAVERSE depth=1 current_nodes=1
[TOC_DEBUG] LOOP_ITERATION count=1
[TOC_DEBUG] NODE_TRAVERSE start node=#document
[TOC_DEBUG] NODE_TRAVERSE depth=1 match_count=0 child_count=2
[TOC_DEBUG] SELECTOR_EXEC result_count=0 selector=a duration_ms=0
[TOC_DEBUG] TOC_END sample=fixture_toc_title_rule_miss
[FixtureRunner] SAMPLE_STAGE id=fixture_toc_title_rule_miss stage=content
[FixtureRunner] SAMPLE_DONE id=fixture_toc_title_rule_miss
[FixtureRunner] SAMPLE_START id=fixture_toc_url_rule_miss index=2
[FixtureRunner] SAMPLE_STAGE id=fixture_toc_url_rule_miss stage=search
[FixtureRunner] SAMPLE_STAGE id=fixture_toc_url_rule_miss stage=toc
[TOC_DEBUG] TOC_START sample=fixture_toc_url_rule_miss
[TOC_DEBUG] RULE_STEP name=title_rule_execute sample=fixture_toc_url_rule_miss
[TOC_DEBUG] RULE_STEP name=execute_rule rule=a@text
[TOC_DEBUG] SELECTOR_EXEC start selector=a
[TOC_DEBUG] RULE_STEP name=document_parse_start selector=a
[TOC_DEBUG] RULE_STEP name=document_parse_end selector=a duration_ms=0 root_children=2
[TOC_DEBUG] RULE_STEP name=selector_part part=a depth=1
[TOC_DEBUG] NODE_TRAVERSE depth=1 current_nodes=1
[TOC_DEBUG] LOOP_ITERATION count=1
[TOC_DEBUG] NODE_TRAVERSE start node=#document
[TOC_DEBUG] NODE_TRAVERSE depth=1 match_count=0 child_count=2
[TOC_DEBUG] SELECTOR_EXEC result_count=0 selector=a duration_ms=0
[TOC_DEBUG] RULE_STEP name=url_rule_execute sample=fixture_toc_url_rule_miss
[TOC_DEBUG] RULE_STEP name=execute_rule rule=.missing@href
[TOC_DEBUG] SELECTOR_EXEC start selector=.missing
[TOC_DEBUG] RULE_STEP name=document_parse_start selector=.missing
[TOC_DEBUG] RULE_STEP name=document_parse_end selector=.missing duration_ms=0 root_children=2
[TOC_DEBUG] RULE_STEP name=selector_part part=.missing depth=1
[TOC_DEBUG] NODE_TRAVERSE depth=1 current_nodes=1
[TOC_DEBUG] LOOP_ITERATION count=1
[TOC_DEBUG] NODE_TRAVERSE start node=#document
[TOC_DEBUG] NODE_TRAVERSE depth=1 match_count=0 child_count=2
[TOC_DEBUG] SELECTOR_EXEC result_count=0 selector=.missing duration_ms=0
[TOC_DEBUG] TOC_END sample=fixture_toc_url_rule_miss
[FixtureRunner] SAMPLE_STAGE id=fixture_toc_url_rule_miss stage=content
[FixtureRunner] SAMPLE_DONE id=fixture_toc_url_rule_miss
[FixtureRunner] SAMPLE_START id=fixture_toc_count_mismatch index=3
[FixtureRunner] SAMPLE_STAGE id=fixture_toc_count_mismatch stage=search
[FixtureRunner] SAMPLE_STAGE id=fixture_toc_count_mismatch stage=toc
[TOC_DEBUG] TOC_START sample=fixture_toc_count_mismatch
[TOC_DEBUG] RULE_STEP name=title_rule_execute sample=fixture_toc_count_mismatch
[TOC_DEBUG] RULE_STEP name=execute_rule rule=ul@text
[TOC_DEBUG] SELECTOR_EXEC start selector=ul
[TOC_DEBUG] RULE_STEP name=document_parse_start selector=ul
[TOC_DEBUG] RULE_STEP name=document_parse_end selector=ul duration_ms=0 root_children=2
[TOC_DEBUG] RULE_STEP name=selector_part part=ul depth=1
[TOC_DEBUG] NODE_TRAVERSE depth=1 current_nodes=1
[TOC_DEBUG] LOOP_ITERATION count=1
[TOC_DEBUG] NODE_TRAVERSE start node=#document
[TOC_DEBUG] NODE_TRAVERSE depth=1 match_count=1 child_count=2
[TOC_DEBUG] SELECTOR_EXEC result_count=1 selector=ul duration_ms=0
[TOC_DEBUG] RULE_STEP name=url_rule_execute sample=fixture_toc_count_mismatch
[TOC_DEBUG] RULE_STEP name=execute_rule rule=a@href
[TOC_DEBUG] SELECTOR_EXEC start selector=a
[TOC_DEBUG] RULE_STEP name=document_parse_start selector=a
[TOC_DEBUG] RULE_STEP name=document_parse_end selector=a duration_ms=0 root_children=2
[TOC_DEBUG] RULE_STEP name=selector_part part=a depth=1
[TOC_DEBUG] NODE_TRAVERSE depth=1 current_nodes=1
[TOC_DEBUG] LOOP_ITERATION count=1
[TOC_DEBUG] NODE_TRAVERSE start node=#document
[TOC_DEBUG] NODE_TRAVERSE depth=1 match_count=0 child_count=2
[TOC_DEBUG] SELECTOR_EXEC result_count=0 selector=a duration_ms=0
[TOC_DEBUG] TOC_END sample=fixture_toc_count_mismatch
[FixtureRunner] SAMPLE_STAGE id=fixture_toc_count_mismatch stage=content
[FixtureRunner] SAMPLE_DONE id=fixture_toc_count_mismatch
[FixtureRunner] SAMPLE_START id=fixture_toc_non_selector_error index=4
[FixtureRunner] SAMPLE_STAGE id=fixture_toc_non_selector_error stage=search
[FixtureRunner] SAMPLE_STAGE id=fixture_toc_non_selector_error stage=toc
[TOC_DEBUG] TOC_START sample=fixture_toc_non_selector_error
[TOC_DEBUG] RULE_STEP name=title_rule_execute sample=fixture_toc_non_selector_error
[TOC_DEBUG] TOC_END sample=fixture_toc_non_selector_error
[FixtureRunner] SAMPLE_STAGE id=fixture_toc_non_selector_error stage=content
[FixtureRunner] SAMPLE_DONE id=fixture_toc_non_selector_error
